{
  "stats": {
    "suites": 1,
    "tests": 1,
    "passes": 1,
    "pending": 0,
    "failures": 0,
    "start": "2020-04-20T10:03:01.561Z",
    "end": "2020-04-20T10:05:52.234Z",
    "duration": 170673,
    "testsRegistered": 1,
    "passPercent": 100,
    "pendingPercent": 0,
    "other": 0,
    "hasOther": false,
    "skipped": 0,
    "hasSkipped": false
  },
  "results": [
    {
      "uuid": "67711006-6493-42e1-a623-2cd05bba0bb2",
      "title": "",
      "fullFile": "cypress\\integration\\ConnectQaLv\\Connect1.spec.js",
      "file": "cypress\\integration\\ConnectQaLv\\Connect1.spec.js",
      "beforeHooks": [],
      "afterHooks": [],
      "tests": [],
      "suites": [
        {
          "uuid": "f36274b7-2f83-492b-bb05-e86808cb11b4",
          "title": "TestSuite",
          "fullFile": "",
          "file": "",
          "beforeHooks": [],
          "afterHooks": [],
          "tests": [
            {
              "title": "Login to Connect QALive",
              "fullTitle": "TestSuite Login to Connect QALive",
              "timedOut": null,
              "duration": 164893,
              "state": "passed",
              "speed": "slow",
              "pass": true,
              "fail": false,
              "pending": false,
              "context": null,
              "code": "cy.login(this.data.email, this.data.password);\ncy.addCourse(this.data.book, this.data.coursename, this.data.sectionname);",
              "err": {},
              "uuid": "c869d8d8-6d37-4d22-afbb-405f2989074f",
              "parentUUID": "f36274b7-2f83-492b-bb05-e86808cb11b4",
              "isHook": false,
              "skipped": false
            }
          ],
          "suites": [],
          "passes": [
            "c869d8d8-6d37-4d22-afbb-405f2989074f"
          ],
          "failures": [],
          "pending": [],
          "skipped": [],
          "duration": 164893,
          "root": false,
          "rootEmpty": false,
          "_timeout": 2000
        }
      ],
      "passes": [],
      "failures": [],
      "pending": [],
      "skipped": [],
      "duration": 0,
      "root": true,
      "rootEmpty": true,
      "_timeout": 2000
    }
  ],
  "meta": {
    "mocha": {
      "version": "7.1.1"
    },
    "mochawesome": {
      "options": {
        "quiet": false,
        "reportFilename": "mochawesome",
        "saveHtml": false,
        "saveJson": true,
        "consoleReporter": "spec",
        "useInlineDiffs": false,
        "code": true
      },
      "version": "5.0.0"
    },
    "marge": {
      "options": {
        "reportDir": "cypress/reports/mocha",
        "overwrite": false,
        "html": false,
        "json": true
      },
      "version": "4.1.0"
    }
  }
}